<?xml version="1.0" encoding="utf-8"?><testsuites name="pytest tests"><testsuite name="pytest" errors="0" failures="0" skipped="1" tests="12" time="7.640" timestamp="2026-05-16T09:00:20.256238+00:00" hostname="agent-env-31a718e7-8f7d-4b65-aab4-b9f84a1d7e33"><testcase classname="backend.tests.test_admin_profile.TestAdminMe" name="test_admin_me_returns_profile_without_password" time="0.491" /><testcase classname="backend.tests.test_admin_profile.TestAdminMe" name="test_admin_me_without_auth_401" time="0.104" /><testcase classname="backend.tests.test_admin_profile.TestAdminMe" name="test_admin_me_with_customer_token_403" time="1.104" /><testcase classname="backend.tests.test_admin_profile.TestAdminCredentialsValidation" name="test_wrong_current_password" time="0.328" /><testcase classname="backend.tests.test_admin_profile.TestAdminCredentialsValidation" name="test_nothing_to_update" time="0.325" /><testcase classname="backend.tests.test_admin_profile.TestAdminCredentialsValidation" name="test_short_password" time="0.322" /><testcase classname="backend.tests.test_admin_profile.TestAdminCredentialsValidation" name="test_invalid_email" time="0.353" /><testcase classname="backend.tests.test_admin_profile.TestAdminCredentialsValidation" name="test_non_admin_denied" time="0.101" /><testcase classname="backend.tests.test_admin_profile.TestAdminCredentialsValidation" name="test_no_auth_denied" time="0.097" /><testcase classname="backend.tests.test_admin_profile.TestAdminCredentialsUpdateFlow" name="test_change_password_relogin_and_restore" time="2.071" /><testcase classname="backend.tests.test_admin_profile.TestAdminCredentialsUpdateFlow" name="test_change_email_relogin_and_restore" time="1.432" /><testcase classname="backend.tests.test_admin_profile.TestAdminCredentialsUpdateFlow" name="test_email_collision" time="0.831"><skipped type="pytest.skip" message="No other user with email to test collision">/app/backend/tests/test_admin_profile.py:175: No other user with email to test collision</skipped></testcase></testsuite></testsuites>