<?xml version="1.0" encoding="utf-8"?><testsuites name="pytest tests"><testsuite name="pytest" errors="0" failures="0" skipped="0" tests="14" time="3.963" timestamp="2026-04-08T10:25:51.723989+00:00" hostname="agent-env-31a718e7-8f7d-4b65-aab4-b9f84a1d7e33"><testcase classname="backend.tests.test_bug_fixes.TestIconUpload" name="test_upload_icon_success" time="0.469" /><testcase classname="backend.tests.test_bug_fixes.TestIconUpload" name="test_uploaded_file_is_servable" time="0.558" /><testcase classname="backend.tests.test_bug_fixes.TestIconUpload" name="test_upload_icon_requires_auth" time="0.101" /><testcase classname="backend.tests.test_bug_fixes.TestIconUpload" name="test_upload_icon_rejects_invalid_format" time="0.429" /><testcase classname="backend.tests.test_bug_fixes.TestDriverToggleReady" name="test_toggle_ready_works" time="0.194" /><testcase classname="backend.tests.test_bug_fixes.TestDriverToggleReady" name="test_toggle_ready_toggles_status" time="0.303" /><testcase classname="backend.tests.test_bug_fixes.TestDriverToggleReady" name="test_toggle_ready_requires_auth" time="0.099" /><testcase classname="backend.tests.test_bug_fixes.TestDriverToggleReady" name="test_toggle_ready_requires_driver_role" time="0.201" /><testcase classname="backend.tests.test_bug_fixes.TestPublicSettings" name="test_public_settings_returns_app_name" time="0.094" /><testcase classname="backend.tests.test_bug_fixes.TestPublicSettings" name="test_public_settings_returns_app_icon_url" time="0.100" /><testcase classname="backend.tests.test_bug_fixes.TestAdminSettings" name="test_admin_can_change_app_name" time="0.716" /><testcase classname="backend.tests.test_bug_fixes.TestAuthFlows" name="test_customer_auth_with_test_code" time="0.213" /><testcase classname="backend.tests.test_bug_fixes.TestAuthFlows" name="test_driver_auth_with_test_code" time="0.102" /><testcase classname="backend.tests.test_bug_fixes.TestAuthFlows" name="test_admin_login" time="0.316" /></testsuite></testsuites>