<?xml version="1.0" encoding="utf-8"?><testsuites name="pytest tests"><testsuite name="pytest" errors="0" failures="0" skipped="0" tests="15" time="8.161" timestamp="2026-04-14T10:04:36.468351+00:00" hostname="agent-env-31a718e7-8f7d-4b65-aab4-b9f84a1d7e33"><testcase classname="backend.tests.test_iteration8_features.TestPublicSettings" name="test_public_settings_returns_test_mode" time="0.242" /><testcase classname="backend.tests.test_iteration8_features.TestAdminAuth" name="test_admin_login_success" time="0.352" /><testcase classname="backend.tests.test_iteration8_features.TestTestModeToggle" name="test_get_settings_with_test_mode" time="0.532" /><testcase classname="backend.tests.test_iteration8_features.TestTestModeToggle" name="test_update_test_mode_to_false" time="0.576" /><testcase classname="backend.tests.test_iteration8_features.TestTestModeToggle" name="test_otp_1234_rejected_when_test_mode_false" time="0.550" /><testcase classname="backend.tests.test_iteration8_features.TestTestModeToggle" name="test_update_test_mode_to_true" time="0.557" /><testcase classname="backend.tests.test_iteration8_features.TestTestModeToggle" name="test_otp_1234_accepted_when_test_mode_true" time="0.540" /><testcase classname="backend.tests.test_iteration8_features.TestModuleCRUD" name="test_create_module" time="0.433" /><testcase classname="backend.tests.test_iteration8_features.TestModuleCRUD" name="test_get_modules_list" time="0.432" /><testcase classname="backend.tests.test_iteration8_features.TestModuleCRUD" name="test_toggle_module" time="0.764" /><testcase classname="backend.tests.test_iteration8_features.TestModuleCRUD" name="test_delete_module" time="0.679" /><testcase classname="backend.tests.test_iteration8_features.TestModuleZipUpload" name="test_upload_zip_to_module" time="0.642" /><testcase classname="backend.tests.test_iteration8_features.TestModuleZipUpload" name="test_upload_non_zip_rejected" time="0.653" /><testcase classname="backend.tests.test_iteration8_features.TestCleanup" name="test_cleanup_test_modules" time="0.535" /><testcase classname="backend.tests.test_iteration8_features.TestCleanup" name="test_restore_test_mode_true" time="0.526" /></testsuite></testsuites>