<?xml version="1.0" encoding="utf-8"?><testsuites name="pytest tests"><testsuite name="pytest" errors="0" failures="0" skipped="0" tests="13" time="1.182" timestamp="2026-07-08T08:44:00.415699+00:00" hostname="agent-env-31a718e7-8f7d-4b65-aab4-b9f84a1d7e33"><testcase classname="backend.tests.test_iteration23_settings_regression" name="test_public_settings_status" time="0.181" /><testcase classname="backend.tests.test_iteration23_settings_regression" name="test_public_settings_has_required_key[test_mode]" time="0.000" /><testcase classname="backend.tests.test_iteration23_settings_regression" name="test_public_settings_has_required_key[call_verify_enabled]" time="0.000" /><testcase classname="backend.tests.test_iteration23_settings_regression" name="test_public_settings_has_required_key[auth_slides]" time="0.000" /><testcase classname="backend.tests.test_iteration23_settings_regression" name="test_public_settings_has_required_key[auth_slides_autoplay]" time="0.000" /><testcase classname="backend.tests.test_iteration23_settings_regression" name="test_public_settings_has_required_key[auth_slides_interval]" time="0.000" /><testcase classname="backend.tests.test_iteration23_settings_regression" name="test_public_settings_has_required_key[maintenance_mode]" time="0.000" /><testcase classname="backend.tests.test_iteration23_settings_regression" name="test_public_settings_has_required_key[app_name]" time="0.000" /><testcase classname="backend.tests.test_iteration23_settings_regression" name="test_public_settings_has_required_key[pwa_enabled]" time="0.000" /><testcase classname="backend.tests.test_iteration23_settings_regression" name="test_test_mode_is_false_by_default" time="0.000" /><testcase classname="backend.tests.test_iteration23_settings_regression" name="test_call_verify_enabled_true" time="0.000" /><testcase classname="backend.tests.test_iteration23_settings_regression" name="test_auth_slides_present" time="0.000" /><testcase classname="backend.tests.test_iteration23_settings_regression.TestAdminToggleTestMode" name="test_toggle_test_mode_true_and_restore" time="0.926" /></testsuite></testsuites>