<?xml version="1.0" encoding="utf-8"?><testsuites name="pytest tests"><testsuite name="pytest" errors="0" failures="1" skipped="0" tests="10" time="22.533" timestamp="2026-07-22T03:31:15.809474+00:00" hostname="agent-env-31a718e7-8f7d-4b65-aab4-b9f84a1d7e33"><testcase classname="backend.tests.test_iteration27_taxi.TestPublicSettings" name="test_public_returns_new_fields" time="0.196" /><testcase classname="backend.tests.test_iteration27_taxi.TestAdminSettingsPersistence" name="test_post_new_fields_persist" time="0.563"><failure message="AssertionError: seo_title not persisted: ''&#10;assert '' == 'SEO_TITLE_ITER27'&#10;  &#10;  - SEO_TITLE_ITER27">backend/tests/test_iteration27_taxi.py:180: in test_post_new_fields_persist
    assert pub["seo_title"] == "SEO_TITLE_ITER27", f"seo_title not persisted: {pub['seo_title']!r}"
E   AssertionError: seo_title not persisted: ''
E   assert '' == 'SEO_TITLE_ITER27'
E     
E     - SEO_TITLE_ITER27</failure></testcase><testcase classname="backend.tests.test_iteration27_taxi.TestAdminSettingsPersistence" name="test_reset_new_fields" time="0.112" /><testcase classname="backend.tests.test_iteration27_taxi.TestClientLogs" name="test_post_client_log_no_auth" time="0.227" /><testcase classname="backend.tests.test_iteration27_taxi.TestOrderCreateHouseNumber" name="test_create_order_empty_house_number" time="4.392" /><testcase classname="backend.tests.test_iteration27_taxi.TestOrderCreateHouseNumber" name="test_create_order_missing_house_number" time="3.275" /><testcase classname="backend.tests.test_iteration27_taxi.TestAutoCancel" name="test_auto_cancel_via_backdated_created_at" time="3.395" /><testcase classname="backend.tests.test_iteration27_taxi.TestMyActiveRecent" name="test_recently_finished_included_then_expires" time="3.478" /><testcase classname="backend.tests.test_iteration27_taxi.TestDriverStatsHeartbeat" name="test_stats_excludes_stale_online" time="1.034" /><testcase classname="backend.tests.test_iteration27_taxi.TestE2EOrderFlow" name="test_full_flow" time="5.675" /></testsuite></testsuites>