<?xml version="1.0" encoding="utf-8"?><testsuites name="pytest tests"><testsuite name="pytest" errors="0" failures="0" skipped="0" tests="10" time="13.348" timestamp="2026-07-07T06:38:32.607168+00:00" hostname="agent-env-31a718e7-8f7d-4b65-aab4-b9f84a1d7e33"><testcase classname="backend.tests.test_iteration18_callverify_bugfix.TestCallcheckStart" name="test_existing_customer_returns_sms" time="0.746" /><testcase classname="backend.tests.test_iteration18_callverify_bugfix.TestCallcheckStart" name="test_new_phone_returns_call_with_verify_id" time="0.955" /><testcase classname="backend.tests.test_iteration18_callverify_bugfix.TestCallcheckStart" name="test_rate_limit_second_call_same_phone" time="0.046" /><testcase classname="backend.tests.test_iteration18_callverify_bugfix.TestCallcheckStatusTestConfirm" name="test_test_confirm_shortcut_returns_token" time="10.045" /><testcase classname="backend.tests.test_iteration18_callverify_bugfix.TestCallcheckStatusTestConfirm" name="test_status_unknown_verify_id_404" time="0.050" /><testcase classname="backend.tests.test_iteration18_callverify_bugfix.TestCallcheckStatusTestConfirm" name="test_status_requires_verify_id" time="0.045" /><testcase classname="backend.tests.test_iteration18_callverify_bugfix.TestRussianErrors" name="test_verify_code_wrong_code_ru" time="0.595" /><testcase classname="backend.tests.test_iteration18_callverify_bugfix.TestRussianErrors" name="test_auth_me_no_token_ru" time="0.053" /><testcase classname="backend.tests.test_iteration18_callverify_bugfix.TestRussianErrors" name="test_admin_login_wrong_creds_ru" time="0.046" /><testcase classname="backend.tests.test_iteration18_callverify_bugfix.TestSmsFlowRegression" name="test_send_and_verify_code_existing_customer" time="0.683" /></testsuite></testsuites>