<?xml version="1.0" encoding="utf-8"?><testsuites name="pytest tests"><testsuite name="pytest" errors="0" failures="0" skipped="1" tests="10" time="2.838" timestamp="2026-07-08T06:03:26.265670+00:00" hostname="agent-env-31a718e7-8f7d-4b65-aab4-b9f84a1d7e33"><testcase classname="backend.tests.test_iteration19_pin_reset_delete.TestCallcheckStart" name="test_pin_reset_for_existing_customer_returns_call" time="1.327" /><testcase classname="backend.tests.test_iteration19_pin_reset_delete.TestCallcheckStart" name="test_new_phone_returns_call" time="0.505" /><testcase classname="backend.tests.test_iteration19_pin_reset_delete.TestCallcheckStart" name="test_driver_role_returns_sms" time="0.042" /><testcase classname="backend.tests.test_iteration19_pin_reset_delete.TestCallcheckStart" name="test_rate_limit_second_call_same_phone" time="0.539" /><testcase classname="backend.tests.test_iteration19_pin_reset_delete.TestDeleteUser" name="test_delete_without_token_returns_401_or_403" time="0.045" /><testcase classname="backend.tests.test_iteration19_pin_reset_delete.TestDeleteUser" name="test_delete_with_customer_token_returns_403" time="0.001"><skipped type="pytest.skip" message="test_mode disabled — cannot easily obtain customer token">/app/backend/tests/test_iteration19_pin_reset_delete.py:189: test_mode disabled — cannot easily obtain customer token</skipped></testcase><testcase classname="backend.tests.test_iteration19_pin_reset_delete.TestDeleteUser" name="test_delete_customer_removes_user_and_orders" time="0.055" /><testcase classname="backend.tests.test_iteration19_pin_reset_delete.TestDeleteUser" name="test_delete_driver_nullifies_driver_id_in_orders" time="0.048" /><testcase classname="backend.tests.test_iteration19_pin_reset_delete.TestDeleteUser" name="test_delete_admin_forbidden" time="0.049" /><testcase classname="backend.tests.test_iteration19_pin_reset_delete.TestDeleteUser" name="test_delete_nonexistent_returns_404" time="0.089" /></testsuite></testsuites>