<?xml version="1.0" encoding="utf-8"?><testsuites name="pytest tests"><testsuite name="pytest" errors="0" failures="0" skipped="0" tests="20" time="68.801" timestamp="2026-05-16T07:57:39.615030+00:00" hostname="agent-env-31a718e7-8f7d-4b65-aab4-b9f84a1d7e33"><testcase classname="backend.tests.test_fab_buttons.TestPublicFabButtons" name="test_public_invalid_role_400" time="0.236" /><testcase classname="backend.tests.test_fab_buttons.TestPublicFabButtons" name="test_public_missing_role_422" time="0.162" /><testcase classname="backend.tests.test_fab_buttons.TestPublicFabButtons" name="test_public_customer_role_returns_list" time="1.551" /><testcase classname="backend.tests.test_fab_buttons.TestPublicFabButtons" name="test_role_both_visible_in_customer_and_driver" time="0.985" /><testcase classname="backend.tests.test_fab_buttons.TestPublicFabButtons" name="test_inactive_buttons_hidden_from_public" time="0.844" /><testcase classname="backend.tests.test_fab_buttons.TestAdminAuth" name="test_admin_list_requires_auth" time="0.163" /><testcase classname="backend.tests.test_fab_buttons.TestAdminAuth" name="test_admin_create_requires_auth" time="0.158" /><testcase classname="backend.tests.test_fab_buttons.TestAdminAuth" name="test_customer_cannot_create" time="1.619" /><testcase classname="backend.tests.test_fab_buttons.TestCRUD" name="test_create_and_get" time="0.801" /><testcase classname="backend.tests.test_fab_buttons.TestCRUD" name="test_update_persists" time="0.968" /><testcase classname="backend.tests.test_fab_buttons.TestCRUD" name="test_update_missing_returns_404" time="0.156" /><testcase classname="backend.tests.test_fab_buttons.TestCRUD" name="test_delete_works_and_idempotent" time="0.843" /><testcase classname="backend.tests.test_fab_buttons.TestCRUD" name="test_invalid_role_rejected" time="0.159" /><testcase classname="backend.tests.test_fab_buttons.TestLimit" name="test_fourth_active_customer_button_rejected" time="26.749" /><testcase classname="backend.tests.test_fab_buttons.TestLimit" name="test_inactive_extras_allowed" time="31.695" /><testcase classname="backend.tests.test_fab_buttons.TestLimit" name="test_both_role_counts_against_both_roles" time="1.203" /><testcase classname="backend.tests.test_fab_buttons.TestSvgUpload" name="test_upload_valid_svg" time="0.111" /><testcase classname="backend.tests.test_fab_buttons.TestSvgUpload" name="test_upload_rejects_non_svg" time="0.101" /><testcase classname="backend.tests.test_fab_buttons.TestSvgUpload" name="test_upload_rejects_non_svg_text_content" time="0.105" /><testcase classname="backend.tests.test_fab_buttons.TestSvgUpload" name="test_upload_requires_admin" time="0.100" /></testsuite></testsuites>