<?xml version="1.0" encoding="utf-8"?><testsuites name="pytest tests"><testsuite name="pytest" errors="0" failures="0" skipped="0" tests="16" time="6.215" timestamp="2026-04-14T06:03:01.508870+00:00" hostname="agent-env-31a718e7-8f7d-4b65-aab4-b9f84a1d7e33"><testcase classname="backend.tests.test_iteration6.TestDriverToggleReady" name="test_toggle_ready_returns_is_online" time="0.450" /><testcase classname="backend.tests.test_iteration6.TestDriverToggleReady" name="test_toggle_ready_toggles_status" time="0.469" /><testcase classname="backend.tests.test_iteration6.TestDriverToggleReady" name="test_toggle_ready_requires_auth" time="0.117" /><testcase classname="backend.tests.test_iteration6.TestDriverToggleReady" name="test_toggle_ready_requires_driver_role" time="0.335" /><testcase classname="backend.tests.test_iteration6.TestAdminModules" name="test_get_modules_returns_array" time="0.445" /><testcase classname="backend.tests.test_iteration6.TestAdminModules" name="test_create_module" time="0.554" /><testcase classname="backend.tests.test_iteration6.TestAdminModules" name="test_toggle_module" time="0.657" /><testcase classname="backend.tests.test_iteration6.TestAdminModules" name="test_delete_module" time="0.666" /><testcase classname="backend.tests.test_iteration6.TestAdminModules" name="test_modules_requires_admin" time="0.117" /><testcase classname="backend.tests.test_iteration6.TestAdminUpdates" name="test_get_updates_returns_array" time="0.457" /><testcase classname="backend.tests.test_iteration6.TestAdminUpdates" name="test_upload_update_accepts_zip" time="0.463" /><testcase classname="backend.tests.test_iteration6.TestAdminUpdates" name="test_upload_rejects_non_zip" time="0.449" /><testcase classname="backend.tests.test_iteration6.TestAdminUpdates" name="test_updates_requires_admin" time="0.134" /><testcase classname="backend.tests.test_iteration6.TestExistingFlows" name="test_customer_auth_with_code_1234" time="0.227" /><testcase classname="backend.tests.test_iteration6.TestExistingFlows" name="test_admin_login" time="0.327" /><testcase classname="backend.tests.test_iteration6.TestExistingFlows" name="test_public_settings" time="0.104" /></testsuite></testsuites>