<?xml version="1.0" encoding="utf-8"?><testsuites name="pytest tests"><testsuite name="pytest" errors="0" failures="0" skipped="0" tests="12" time="3.459" timestamp="2026-05-16T06:31:30.936369+00:00" hostname="agent-env-31a718e7-8f7d-4b65-aab4-b9f84a1d7e33"><testcase classname="backend.tests.test_map_uploads.TestPublicSettings" name="test_public_settings_has_map_fields" time="0.158" /><testcase classname="backend.tests.test_map_uploads.TestUploadPinIcon" name="test_upload_pin_png_persists" time="0.734" /><testcase classname="backend.tests.test_map_uploads.TestUploadPinIcon" name="test_upload_pin_svg_allowed" time="0.105" /><testcase classname="backend.tests.test_map_uploads.TestUploadPinIcon" name="test_upload_pin_rejects_text" time="0.104" /><testcase classname="backend.tests.test_map_uploads.TestUploadPinIcon" name="test_upload_pin_requires_admin_no_token" time="0.101" /><testcase classname="backend.tests.test_map_uploads.TestUploadPinIcon" name="test_upload_pin_rejects_customer" time="1.139" /><testcase classname="backend.tests.test_map_uploads.TestUploadMapBg" name="test_upload_bg_png_persists" time="0.337" /><testcase classname="backend.tests.test_map_uploads.TestUploadMapBg" name="test_upload_bg_rejects_svg" time="0.100" /><testcase classname="backend.tests.test_map_uploads.TestUploadMapBg" name="test_upload_bg_rejects_text" time="0.114" /><testcase classname="backend.tests.test_map_uploads.TestUploadMapBg" name="test_upload_bg_requires_admin_no_token" time="0.103" /><testcase classname="backend.tests.test_map_uploads.TestUploadMapBg" name="test_upload_bg_rejects_customer" time="0.101" /><testcase classname="backend.tests.test_map_uploads.TestMapBgSettingsPersistence" name="test_save_map_bg_size_and_position" time="0.291" /></testsuite></testsuites>