<?xml version="1.0" encoding="utf-8"?><testsuites name="pytest tests"><testsuite name="pytest" errors="0" failures="0" skipped="0" tests="8" time="14.237" timestamp="2026-07-08T07:20:30.838531+00:00" hostname="agent-env-31a718e7-8f7d-4b65-aab4-b9f84a1d7e33"><testcase classname="backend.tests.test_iteration22_callcheck_and_driver_profile" name="test_health_public_settings" time="0.287" /><testcase classname="backend.tests.test_iteration22_callcheck_and_driver_profile" name="test_callcheck_start_invalid_phone_returns_400" time="1.306" /><testcase classname="backend.tests.test_iteration22_callcheck_and_driver_profile" name="test_callcheck_start_valid_customer" time="0.527" /><testcase classname="backend.tests.test_iteration22_callcheck_and_driver_profile" name="test_callcheck_start_valid_driver_no_data" time="0.519" /><testcase classname="backend.tests.test_iteration22_callcheck_and_driver_profile" name="test_complete_driver_profile_no_token" time="0.168" /><testcase classname="backend.tests.test_iteration22_callcheck_and_driver_profile" name="test_complete_driver_profile_customer_token" time="0.130" /><testcase classname="backend.tests.test_iteration22_callcheck_and_driver_profile" name="test_complete_driver_profile_empty_fields" time="0.157" /><testcase classname="backend.tests.test_iteration22_callcheck_and_driver_profile" name="test_complete_driver_profile_success_and_persist" time="10.786" /></testsuite></testsuites>