<?xml version="1.0" encoding="utf-8"?><testsuites name="pytest tests"><testsuite name="pytest" errors="0" failures="0" skipped="0" tests="10" time="3.879" timestamp="2026-07-07T06:12:01.968208+00:00" hostname="agent-env-31a718e7-8f7d-4b65-aab4-b9f84a1d7e33"><testcase classname="backend.tests.test_iteration17_features.TestManifest" name="test_manifest_returns_valid_json" time="0.275" /><testcase classname="backend.tests.test_iteration17_features.TestPublicSettings" name="test_public_settings_has_new_fields" time="0.048" /><testcase classname="backend.tests.test_iteration17_features.TestAdminSettingsSave" name="test_admin_can_save_and_read_new_fields" time="0.802" /><testcase classname="backend.tests.test_iteration17_features.TestPwaIconUpload" name="test_upload_pwa_icon_192" time="0.360" /><testcase classname="backend.tests.test_iteration17_features.TestCallcheck" name="test_callcheck_disabled_returns_sms" time="0.160" /><testcase classname="backend.tests.test_iteration17_features.TestCallcheck" name="test_callcheck_existing_user_returns_sms" time="0.147" /><testcase classname="backend.tests.test_iteration17_features.TestCallcheck" name="test_callcheck_new_phone_graceful_when_upstream_fails" time="1.059" /><testcase classname="backend.tests.test_iteration17_features.TestCallcheck" name="test_callcheck_status_unknown_verify_id_404" time="0.039" /><testcase classname="backend.tests.test_iteration17_features.TestCallcheck" name="test_callcheck_status_requires_verify_id" time="0.079" /><testcase classname="backend.tests.test_iteration17_features.TestSmsFlowRegression" name="test_send_code_and_verify_code_customer" time="0.825" /></testsuite></testsuites>