<?xml version="1.0" encoding="utf-8"?><testsuites name="pytest tests"><testsuite name="pytest" errors="0" failures="0" skipped="0" tests="23" time="40.671" timestamp="2026-04-14T07:07:13.223706+00:00" hostname="agent-env-31a718e7-8f7d-4b65-aab4-b9f84a1d7e33"><testcase classname="backend.tests.test_php_installer.TestPHPSyntax" name="test_php_syntax_valid" time="0.037" /><testcase classname="backend.tests.test_php_installer.TestCheckLockEndpoint" name="test_check_lock_returns_json" time="0.005" /><testcase classname="backend.tests.test_php_installer.TestCheckLockEndpoint" name="test_check_lock_locked_false_initially" time="0.001" /><testcase classname="backend.tests.test_php_installer.TestCheckLockEndpoint" name="test_check_lock_locked_true_when_file_exists" time="0.001" /><testcase classname="backend.tests.test_php_installer.TestCheckSystemEndpoint" name="test_check_system_returns_json" time="0.434" /><testcase classname="backend.tests.test_php_installer.TestCheckSystemEndpoint" name="test_check_system_nodejs_status" time="0.344" /><testcase classname="backend.tests.test_php_installer.TestCheckSystemEndpoint" name="test_check_system_python3_status" time="0.338" /><testcase classname="backend.tests.test_php_installer.TestCheckSystemEndpoint" name="test_check_system_mongodb_status" time="0.334" /><testcase classname="backend.tests.test_php_installer.TestCheckSystemEndpoint" name="test_check_system_nginx_status" time="0.360" /><testcase classname="backend.tests.test_php_installer.TestCheckSystemEndpoint" name="test_check_system_project_files" time="0.376" /><testcase classname="backend.tests.test_php_installer.TestCheckSystemEndpoint" name="test_check_system_server_ip" time="0.340" /><testcase classname="backend.tests.test_php_installer.TestCheckSystemEndpoint" name="test_check_system_shell_exec" time="0.340" /><testcase classname="backend.tests.test_php_installer.TestHTMLRendering" name="test_get_returns_html" time="0.001" /><testcase classname="backend.tests.test_php_installer.TestHTMLRendering" name="test_html_contains_title" time="0.001" /><testcase classname="backend.tests.test_php_installer.TestHTMLRendering" name="test_html_contains_steps_ui" time="0.001" /><testcase classname="backend.tests.test_php_installer.TestHTMLRendering" name="test_html_contains_form_fields" time="0.001" /><testcase classname="backend.tests.test_php_installer.TestHTMLRendering" name="test_html_contains_javascript" time="0.001" /><testcase classname="backend.tests.test_php_installer.TestSetupBackendEndpoint" name="test_setup_backend_creates_env_file" time="2.457" /><testcase classname="backend.tests.test_php_installer.TestSetupFrontendEndpoint" name="test_setup_frontend_creates_env_file" time="31.790" /><testcase classname="backend.tests.test_php_installer.TestLockMechanism" name="test_locked_blocks_other_actions" time="0.001" /><testcase classname="backend.tests.test_php_installer.TestLockMechanism" name="test_check_lock_works_when_locked" time="0.001" /><testcase classname="backend.tests.test_php_installer.TestUnknownAction" name="test_unknown_action_returns_error" time="0.001" /><testcase classname="backend.tests.test_php_installer.TestNginxConfigGeneration" name="test_setup_services_generates_nginx_config" time="3.238" /></testsuite></testsuites>