<?xml version="1.0" encoding="utf-8"?><testsuites name="pytest tests"><testsuite name="pytest" errors="0" failures="0" skipped="0" tests="16" time="4.697" timestamp="2026-04-08T09:08:56.889216+00:00" hostname="agent-env-31a718e7-8f7d-4b65-aab4-b9f84a1d7e33"><testcase classname="backend.tests.test_pin_auth.TestPinCheckEndpoint" name="test_check_pin_existing_user_with_pin" time="0.144" /><testcase classname="backend.tests.test_pin_auth.TestPinCheckEndpoint" name="test_check_pin_nonexistent_user" time="0.118" /><testcase classname="backend.tests.test_pin_auth.TestPinLoginEndpoint" name="test_login_pin_correct" time="0.323" /><testcase classname="backend.tests.test_pin_auth.TestPinLoginEndpoint" name="test_login_pin_wrong" time="0.321" /><testcase classname="backend.tests.test_pin_auth.TestPinLoginEndpoint" name="test_login_pin_user_not_found" time="0.135" /><testcase classname="backend.tests.test_pin_auth.TestPinResetEndpoint" name="test_reset_pin_request" time="0.104" /><testcase classname="backend.tests.test_pin_auth.TestPinResetEndpoint" name="test_reset_pin_request_user_not_found" time="0.113" /><testcase classname="backend.tests.test_pin_auth.TestPinResetEndpoint" name="test_reset_pin_verify_invalid_code" time="0.098" /><testcase classname="backend.tests.test_pin_auth.TestSetPinEndpoint" name="test_set_pin_requires_auth" time="0.107" /><testcase classname="backend.tests.test_pin_auth.TestSetPinEndpoint" name="test_set_pin_with_auth" time="0.660" /><testcase classname="backend.tests.test_pin_auth.TestSetPinEndpoint" name="test_set_pin_invalid_format" time="0.423" /><testcase classname="backend.tests.test_pin_auth.TestAdminBlockedDevices" name="test_get_blocked_devices" time="0.409" /><testcase classname="backend.tests.test_pin_auth.TestAdminBlockedDevices" name="test_get_blocked_devices_requires_admin" time="0.423" /><testcase classname="backend.tests.test_pin_auth.TestAdminPanel" name="test_admin_login" time="0.318" /><testcase classname="backend.tests.test_pin_auth.TestAdminPanel" name="test_admin_stats" time="0.426" /><testcase classname="backend.tests.test_pin_auth.TestAdminPanel" name="test_admin_users_list" time="0.435" /></testsuite></testsuites>