<?xml version="1.0" encoding="utf-8"?><testsuites name="pytest tests"><testsuite name="pytest" errors="0" failures="0" skipped="0" tests="20" time="4.668" timestamp="2026-04-08T10:03:10.370989+00:00" hostname="agent-env-31a718e7-8f7d-4b65-aab4-b9f84a1d7e33"><testcase classname="backend.tests.test_taxi_app.TestPublicSettings" name="test_public_settings_returns_app_name" time="0.221" /><testcase classname="backend.tests.test_taxi_app.TestPublicSettings" name="test_public_settings_returns_app_icon_url" time="0.100" /><testcase classname="backend.tests.test_taxi_app.TestPublicSettings" name="test_public_settings_returns_maintenance_mode" time="0.097" /><testcase classname="backend.tests.test_taxi_app.TestPublicSettings" name="test_public_settings_returns_terms_and_privacy" time="0.118" /><testcase classname="backend.tests.test_taxi_app.TestAdminLogin" name="test_admin_login_success" time="0.330" /><testcase classname="backend.tests.test_taxi_app.TestAdminLogin" name="test_admin_login_invalid_credentials" time="0.104" /><testcase classname="backend.tests.test_taxi_app.TestAdminBrandingSettings" name="test_admin_can_get_settings" time="0.423" /><testcase classname="backend.tests.test_taxi_app.TestAdminBrandingSettings" name="test_admin_can_save_app_name" time="0.555" /><testcase classname="backend.tests.test_taxi_app.TestAdminBrandingSettings" name="test_settings_requires_admin_auth" time="0.106" /><testcase classname="backend.tests.test_taxi_app.TestOTPVerificationCode1234" name="test_customer_verify_code_1234_new_user" time="0.109" /><testcase classname="backend.tests.test_taxi_app.TestOTPVerificationCode1234" name="test_customer_verify_code_1234_existing_user" time="0.106" /><testcase classname="backend.tests.test_taxi_app.TestOTPVerificationCode1234" name="test_driver_verify_code_1234_requires_registration" time="0.117" /><testcase classname="backend.tests.test_taxi_app.TestOTPVerificationCode1234" name="test_pin_reset_verify_code_1234" time="0.684" /><testcase classname="backend.tests.test_taxi_app.TestOTPVerificationCode1234" name="test_wrong_code_fails" time="0.196" /><testcase classname="backend.tests.test_taxi_app.TestAdminBlockedDevices" name="test_admin_can_get_blocked_devices" time="0.422" /><testcase classname="backend.tests.test_taxi_app.TestAdminBlockedDevices" name="test_blocked_devices_requires_admin" time="0.095" /><testcase classname="backend.tests.test_taxi_app.TestAdminStats" name="test_admin_stats_includes_blocked_devices" time="0.430" /><testcase classname="backend.tests.test_taxi_app.TestDriverStats" name="test_driver_stats_public" time="0.109" /><testcase classname="backend.tests.test_taxi_app.TestCheckPinEndpoint" name="test_check_pin_for_existing_user" time="0.096" /><testcase classname="backend.tests.test_taxi_app.TestCheckPinEndpoint" name="test_check_pin_for_nonexistent_user" time="0.103" /></testsuite></testsuites>